<?xml version="1.0" encoding="UTF-8"?>
<!-- Generated by org.testng.reporters.JUnitReportReporter -->
<testsuite skipped="0" hostname="User" name="com.test.LivingPageTest" tests="4" failures="0" timestamp="29 Jul 2020 11:47:29 GMT" time="1.354" errors="0">
  <testcase name="livingMenuDisplay" time="0.545" classname="com.test.LivingPageTest"/>
  <testcase name="sofa_setSubmenu_Display" time="0.108" classname="com.test.LivingPageTest"/>
  <testcase name="getSofa_set_SubmenuText" time="0.101" classname="com.test.LivingPageTest"/>
  <testcase name="getSofasetItems" time="0.600" classname="com.test.LivingPageTest"/>
</testsuite> <!-- com.test.LivingPageTest -->
