<?xml version="1.0" encoding="UTF-8"?>
<!-- Generated by org.testng.reporters.JUnitReportReporter -->
<testsuite skipped="0" hostname="User" name="com.test.LivingPageTest" tests="1" failures="0" timestamp="28 Jul 2020 05:53:44 GMT" time="59.830" errors="0">
  <testcase name="openBrowser" time="59.830" classname="com.test.LivingPageTest"/>
</testsuite> <!-- com.test.LivingPageTest -->
