<?xml version="1.0" encoding="UTF-8"?>
<!-- Generated by org.testng.reporters.JUnitReportReporter -->
<testsuite skipped="0" hostname="Kanishk" name="com.test.LivingPageTest" tests="1" failures="0" timestamp="30 Jul 2020 16:09:20 GMT" time="0.215" errors="0">
  <testcase name="getLivingItems" time="0.215" classname="com.test.LivingPageTest"/>
</testsuite> <!-- com.test.LivingPageTest -->
